2026-04-19 14:04:40.180 | user=nayvejessica@gmail.com | attempt 1 : keystroke: 85.3% - accepted
2026-04-19 14:06:54.350 | user=nayvejessica@gmail.com | attempt 2 : password only (no biometric step logged) - accepted
2026-04-19 14:07:20.928 | user=nayvejessica@gmail.com | attempt 3 : keystroke: 73.9%, voice: 87.2%, fusion: 81.2% - accepted
2026-04-19 14:09:51.981 | user=nayvejessica@gmail.com | attempt 4 : keystroke: 92.7% - accepted
2026-04-19 14:11:54.149 | user=nayvejessica@gmail.com | attempt 5 : password only (no biometric step logged) - accepted
2026-04-19 14:12:14.546 | user=nayvejessica@gmail.com | attempt 6 : keystroke: 78.1%, voice: 85.5%, fusion: 82.2% - accepted
2026-04-19 14:15:30.166 | user=nayvejessica@gmail.com | attempt 7 : keystroke: 47.7% - denied
2026-04-19 14:18:34.683 | user=nayvejessica@gmail.com | attempt 8 : keystroke: 80.2% - accepted
2026-04-19 14:19:32.829 | user=nayvejessica@gmail.com | attempt 9 : keystroke: 81.2% - accepted
2026-04-19 14:20:09.725 | user=nayvejessica@gmail.com | attempt 10 : keystroke: 62.5% - denied
2026-04-19 14:20:32.846 | user=francineferrer30@gmail.com | attempt 1 : keystroke: 63.4%, voice: 80.3%, fusion: 75.6% - accepted
2026-04-19 14:20:40.607 | user=nayvejessica@gmail.com | attempt 11 : keystroke: 83.3% - accepted
2026-04-19 14:21:21.631 | user=nayvejessica@gmail.com | attempt 12 : keystroke: 78.1%, voice: 87.5%, fusion: 83.2% - accepted
2026-04-19 14:21:52.597 | user=francineferrer30@gmail.com | attempt 2 : keystroke: 69.7%, voice: 78.3%, fusion: 75.2% - accepted
2026-04-19 14:22:54.429 | user=nayvejessica@gmail.com | attempt 13 : password only (no biometric step logged) - accepted
2026-04-19 14:23:14.699 | user=nayvejessica@gmail.com | attempt 14 : keystroke: 37.5%, voice: 66.9%, fusion: 56.6% - denied
2026-04-19 14:24:32.557 | user=nayvejessica@gmail.com | attempt 15 : password only (no biometric step logged) - accepted
2026-04-19 14:24:57.197 | user=nayvejessica@gmail.com | attempt 16 : keystroke: 81.1% - accepted
2026-04-19 14:27:45.912 | user=nayvejessica@gmail.com | attempt 17 : keystroke: 75.0%, voice: 80.7%, fusion: 78.1% - accepted
2026-04-19 14:28:15.427 | user=francineferrer30@gmail.com | attempt 3 : keystroke: 60.3%, voice: 62.5%, fusion: 61.9% - denied
2026-04-19 14:29:19.942 | user=nayvejessica@gmail.com | attempt 18 : password only (no biometric step logged) - accepted
2026-04-19 14:29:40.272 | user=nayvejessica@gmail.com | attempt 19 : keystroke: 70.8%, voice: 88.5%, fusion: 80.5% - accepted
2026-04-19 14:31:35.401 | user=nayvejessica@gmail.com | attempt 20 : keystroke: 84.2% - accepted
2026-04-19 14:32:42.167 | user=nayvejessica@gmail.com | attempt 21 : password: failed - denied
2026-04-19 14:32:49.565 | user=nayvejessica@gmail.com | attempt 22 : keystroke: 67.7%, voice: 86.5%, fusion: 78.0% - accepted
2026-04-19 14:34:38.285 | user=nayvejessica@gmail.com | attempt 23 : keystroke: 74.8%, voice: 82.2%, fusion: 78.9% - accepted
2026-04-19 14:36:18.961 | user=nayvejessica@gmail.com | attempt 24 : password: failed - denied
2026-04-19 14:36:25.809 | user=nayvejessica@gmail.com | attempt 25 : password only (no biometric step logged) - accepted
2026-04-19 14:36:26.240 | user=nayvejessica@gmail.com | attempt 26 : password only (no biometric step logged) - accepted
2026-04-19 14:36:59.318 | user=nayvejessica@gmail.com | attempt 27 : keystroke: 84.2% - accepted
2026-04-19 14:37:56.913 | user=nayvejessica@gmail.com | attempt 28 : keystroke: 70.8%, voice: 80.1%, fusion: 75.9% - accepted
2026-04-19 14:39:26.926 | user=nayvejessica@gmail.com | attempt 29 : keystroke: 69.7%, voice: 80.2%, fusion: 75.5% - accepted
2026-04-19 14:41:04.702 | user=nayvejessica@gmail.com | attempt 30 : password only (no biometric step logged) - accepted
2026-04-19 14:41:30.481 | user=nayvejessica@gmail.com | attempt 31 : keystroke: 75.0%, voice: 87.7%, fusion: 82.0% - accepted
2026-04-19 14:43:13.206 | user=nayvejessica@gmail.com | attempt 32 : keystroke: 88.3% - accepted
2026-04-19 14:44:02.320 | user=nayvejessica@gmail.com | attempt 33 : keystroke: 81.1% - accepted
2026-04-19 14:44:44.398 | user=nayvejessica@gmail.com | attempt 34 : password only (no biometric step logged) - accepted
2026-04-19 14:45:07.290 | user=nayvejessica@gmail.com | attempt 35 : keystroke: 84.2% - accepted
2026-04-19 14:45:56.819 | user=nayvejessica@gmail.com | attempt 36 : keystroke: 63.4%, voice: 84.0%, fusion: 76.8% - accepted
2026-04-19 14:47:28.656 | user=nayvejessica@gmail.com | attempt 37 : password only (no biometric step logged) - accepted
2026-04-19 14:47:48.638 | user=nayvejessica@gmail.com | attempt 38 : keystroke: 77.0%, voice: 88.2%, fusion: 83.2% - accepted
2026-04-19 15:20:38.987 | user=amayaheart@gmail.com | attempt 1 : keystroke: 64.5%, voice: 77.6%, fusion: 73.0% - accepted
2026-04-19 15:21:55.044 | user=amayaheart@gmail.com | attempt 2 : keystroke: 64.5%, voice: 82.3%, fusion: 76.1% - accepted
2026-04-19 15:23:35.100 | user=amayaheart@gmail.com | attempt 3 : keystroke: 69.7%, voice: 83.2%, fusion: 77.1% - accepted
2026-04-19 15:24:38.956 | user=amayaheart@gmail.com | attempt 4 : keystroke: 71.9%, voice: 79.5%, fusion: 76.1% - accepted
2026-04-19 15:26:14.957 | user=amayaheart@gmail.com | attempt 5 : keystroke: 87.3% - accepted
2026-04-19 15:26:58.129 | user=amayaheart@gmail.com | attempt 6 : keystroke: 72.7%, voice: 79.3%, fusion: 76.3% - accepted
2026-04-19 15:28:20.710 | user=amayaheart@gmail.com | attempt 7 : keystroke: 53.1%, voice: 80.7%, fusion: 71.0% - accepted
2026-04-19 15:29:19.479 | user=amayaheart@gmail.com | attempt 8 : keystroke: 62.3%, voice: 82.8%, fusion: 75.6% - accepted
2026-04-19 15:30:15.715 | user=amayaheart@gmail.com | attempt 9 : keystroke: 60.3%, voice: 83.0%, fusion: 75.1% - accepted
2026-04-19 15:31:07.018 | user=amayaheart@gmail.com | attempt 10 : keystroke: 50.9%, voice: 82.4%, fusion: 71.4% - accepted
2026-04-19 15:32:49.805 | user=amayaheart@gmail.com | attempt 11 : password only (no biometric step logged) - accepted
2026-04-19 15:33:16.989 | user=amayaheart@gmail.com | attempt 12 : keystroke: 62.5%, voice: 88.4%, fusion: 79.4% - accepted
2026-04-19 15:34:32.978 | user=amayaheart@gmail.com | attempt 13 : keystroke: 43.6%, voice: 88.7%, fusion: 72.9% - accepted
2026-04-19 15:36:11.462 | user=amayaheart@gmail.com | attempt 14 : keystroke: 58.3%, voice: 88.7%, fusion: 78.1% - accepted
2026-04-19 15:37:08.715 | user=amayaheart@gmail.com | attempt 15 : keystroke: 67.7%, voice: 84.1%, fusion: 76.7% - accepted
2026-04-19 15:38:04.455 | user=amayaheart@gmail.com | attempt 16 : keystroke: 61.4%, voice: 90.0%, fusion: 80.0% - accepted
2026-04-19 14:29:07.874 | user=francineferrer30@gmail.com | attempt 4 : keystroke: 80.4% - accepted
2026-04-19 15:58:21.960 | user=francineferrer30@gmail.com | attempt 5 : keystroke: 61.4%, voice: 70.4%, fusion: 67.9% - accepted
2026-04-19 15:59:45.721 | user=francineferrer30@gmail.com | attempt 6 : keystroke: 66.6%, voice: 70.7%, fusion: 69.2% - accepted
2026-04-19 16:00:30.136 | user=francineferrer30@gmail.com | attempt 7 : keystroke: 83.1% - accepted
2026-04-19 16:01:26.095 | user=francineferrer30@gmail.com | attempt 8 : keystroke: 80.6% - accepted
2026-04-19 16:02:00.006 | user=francineferrer30@gmail.com | attempt 9 : keystroke: 48.8%, voice: 79.5%, fusion: 70.9% - accepted
2026-04-19 16:02:55.373 | user=francineferrer30@gmail.com | attempt 10 : password: failed - denied
2026-04-19 16:03:09.839 | user=francineferrer30@gmail.com | attempt 11 : keystroke: 71.7%, voice: 82.8%, fusion: 78.8% - accepted
2026-04-19 16:03:53.553 | user=francineferrer30@gmail.com | attempt 12 : keystroke: 75.8%, voice: 63.5%, fusion: 68.0% - accepted
2026-04-19 16:05:04.166 | user=francineferrer30@gmail.com | attempt 13 : keystroke: 63.4%, voice: 82.2%, fusion: 77.0% - accepted
2026-04-19 16:32:15.841 | user=francineferrer30@gmail.com | attempt 14 : keystroke: 89.5% - accepted
2026-04-19 16:33:34.140 | user=francineferrer30@gmail.com | attempt 15 : keystroke: 67.7%, voice: 74.9%, fusion: 72.3% - accepted
2026-04-19 16:52:38.361 | user=francineferrer30@gmail.com | attempt 16 : keystroke: 82.8% - accepted
2026-04-19 16:53:00.051 | user=francineferrer30@gmail.com | attempt 17 : keystroke: 63.4%, voice: 76.4%, fusion: 71.8% - accepted
2026-04-19 16:53:50.611 | user=francineferrer30@gmail.com | attempt 18 : keystroke: 80.3% - accepted
2026-04-19 16:54:12.821 | user=francineferrer30@gmail.com | attempt 19 : keystroke: 78.8%, voice: 79.5%, fusion: 79.2% - accepted
2026-04-19 16:54:57.962 | user=francineferrer30@gmail.com | attempt 20 : keystroke: 71.3%, voice: 74.2%, fusion: 72.9% - accepted
2026-04-19 16:55:55.248 | user=francineferrer30@gmail.com | attempt 21 : keystroke: 65.0%, voice: 84.9%, fusion: 76.0% - accepted
2026-04-19 16:57:25.882 | user=francineferrer30@gmail.com | attempt 22 : keystroke: 74.2%, voice: 67.7%, fusion: 70.6% - accepted
2026-04-19 16:58:33.311 | user=francineferrer30@gmail.com | attempt 23 : keystroke: 80.7% - accepted
2026-04-19 16:59:37.805 | user=francineferrer30@gmail.com | attempt 24 : keystroke: 71.1%, voice: 78.0%, fusion: 74.9% - accepted
2026-04-19 17:02:18.745 | user=francineferrer30@gmail.com | attempt 25 : keystroke: 73.9%, voice: 64.4%, fusion: 68.7% - accepted
2026-04-19 17:03:13.306 | user=francineferrer30@gmail.com | attempt 26 : keystroke: 71.8%, voice: 79.5%, fusion: 76.0% - accepted
2026-04-19 17:04:22.715 | user=nayvejessica@gmail.com | attempt 39 : password only (no biometric step logged) - accepted
2026-04-19 17:04:48.927 | user=francineferrer30@gmail.com | attempt 27 : keystroke: 87.4% - accepted
2026-04-19 17:04:51.990 | user=nayvejessica@gmail.com | attempt 40 : keystroke: 95.2% - accepted
2026-04-19 17:07:50.080 | user=francineferrer30@gmail.com | attempt 28 : keystroke: 70.0%, voice: 76.2%, fusion: 73.4% - accepted
2026-04-19 17:08:01.406 | user=nayvejessica@gmail.com | attempt 41 : keystroke: 92.7% - accepted
2026-04-19 17:10:16.195 | user=francineferrer30@gmail.com | attempt 29 : keystroke: 71.6%, voice: 82.8%, fusion: 77.7% - accepted
2026-04-19 17:10:30.610 | user=nayvejessica@gmail.com | attempt 42 : keystroke: 95.2% - accepted
2026-04-19 17:13:05.624 | user=francineferrer30@gmail.com | attempt 30 : keystroke: 70.5%, voice: 86.0%, fusion: 79.0% - accepted
2026-04-19 17:13:17.939 | user=nayvejessica@gmail.com | attempt 43 : keystroke: 97.4% - accepted
2026-04-19 17:14:15.854 | user=francineferrer30@gmail.com | attempt 31 : keystroke: 71.3%, voice: 81.6%, fusion: 77.0% - accepted
2026-04-19 17:15:10.804 | user=francineferrer30@gmail.com | attempt 32 : keystroke: 81.3% - accepted
2026-04-19 17:15:39.498 | user=francineferrer30@gmail.com | attempt 33 : password: failed - denied
2026-04-19 17:14:45.895 | user=nayvejessica@gmail.com | attempt 44 : keystroke: 94.5% - accepted
2026-04-19 17:15:55.525 | user=nayvejessica@gmail.com | attempt 45 : password only (no biometric step logged) - accepted
2026-04-19 17:15:47.605 | user=francineferrer30@gmail.com | attempt 34 : keystroke: 65.1%, voice: 89.6%, fusion: 78.6% - accepted
2026-04-19 17:16:46.686 | user=francineferrer30@gmail.com | attempt 35 : keystroke: 74.6%, voice: 71.2%, fusion: 72.7% - accepted
2026-04-19 17:16:14.861 | user=nayvejessica@gmail.com | attempt 46 : keystroke: 85.8% - accepted
2026-04-19 17:25:05.537 | user=francineferrer30@gmail.com | attempt 36 : keystroke: 49.1% - denied
2026-04-19 17:29:43.724 | user=francineferrer30@gmail.com | attempt 37 : keystroke: 81.0% - accepted
2026-04-19 17:33:49.910 | user=francineferrer30@gmail.com | attempt 38 : keystroke: 52.5%, voice: 56.2%, fusion: 54.9% - denied
2026-04-19 18:45:30.697 | user=amayaheart@gmail.com | attempt 17 : keystroke: 77.2%, voice: 68.7%, fusion: 72.5% - accepted
2026-04-19 18:47:16.319 | user=amayaheart@gmail.com | attempt 18 : keystroke: 73.5%, voice: 59.6%, fusion: 65.8% - accepted
2026-04-19 18:48:27.497 | user=amayaheart@gmail.com | attempt 19 : keystroke: 78.2%, voice: 41.2%, fusion: 57.9% - denied
2026-04-19 18:50:17.087 | user=amayaheart@gmail.com | attempt 20 : keystroke: 74.3%, voice: 63.7%, fusion: 68.5% - accepted
2026-04-19 18:52:16.575 | user=amayaheart@gmail.com | attempt 21 : keystroke: 82.3% - accepted
2026-04-19 18:52:56.787 | user=amayaheart@gmail.com | attempt 22 : keystroke: 89.5% - accepted
2026-04-19 18:53:42.327 | user=amayaheart@gmail.com | attempt 23 : keystroke: 80.3% - accepted
2026-04-19 18:54:20.887 | user=amayaheart@gmail.com | attempt 24 : keystroke: 76.7%, voice: 68.0%, fusion: 71.9% - accepted
2026-04-19 18:55:22.752 | user=amayaheart@gmail.com | attempt 25 : keystroke: 73.0%, voice: 59.4%, fusion: 65.5% - accepted
2026-04-19 18:57:40.660 | user=amayaheart@gmail.com | attempt 26 : keystroke: 79.4%, voice: 66.9%, fusion: 72.5% - accepted
2026-04-19 18:59:02.425 | user=amayaheart@gmail.com | attempt 27 : keystroke: 81.6% - accepted
2026-04-19 18:59:58.301 | user=amayaheart@gmail.com | attempt 28 : keystroke: 77.8%, voice: 54.3%, fusion: 64.9% - accepted
2026-04-19 19:03:14.431 | user=amayaheart@gmail.com | attempt 29 : keystroke: 73.5%, voice: 59.7%, fusion: 65.9% - accepted
2026-04-19 19:04:57.191 | user=amayaheart@gmail.com | attempt 30 : keystroke: 60.9%, voice: 66.7%, fusion: 64.7% - accepted
2026-04-19 19:05:58.756 | user=amayaheart@gmail.com | attempt 31 : keystroke: 64.6%, voice: 58.2%, fusion: 60.4% - denied
2026-04-19 19:07:26.398 | user=amayaheart@gmail.com | attempt 32 : keystroke: 84.8% - accepted
2026-04-19 19:08:00.316 | user=amayaheart@gmail.com | attempt 33 : keystroke: 66.7%, voice: 65.4%, fusion: 66.0% - accepted
2026-04-19 19:09:19.256 | user=amayaheart@gmail.com | attempt 34 : keystroke: 74.6%, voice: 74.5%, fusion: 74.5% - accepted
2026-04-19 19:13:17.240 | user=amayaheart@gmail.com | attempt 35 : keystroke: 77.3%, voice: 61.5%, fusion: 68.6% - accepted
2026-04-19 19:14:11.198 | user=amayaheart@gmail.com | attempt 36 : keystroke: 68.9%, voice: 66.2%, fusion: 67.4% - accepted
2026-04-19 19:16:39.299 | user=francineferrer30@gmail.com | attempt 39 : keystroke: 76.8%, voice: 70.6%, fusion: 73.4% - accepted
2026-04-19 19:19:14.234 | user=francineferrer30@gmail.com | attempt 40 : keystroke: 78.5%, voice: 53.3%, fusion: 64.6% - accepted
2026-04-19 21:29:20.565 | user=amayaheart@gmail.com | attempt 37 : keystroke: 67.7%, voice: 62.3%, fusion: 64.7% - accepted
2026-04-19 21:30:01.455 | user=amayaheart@gmail.com | attempt 38 : keystroke: 62.8%, voice: 54.4%, fusion: 57.4% - denied
2026-04-19 21:30:49.546 | user=amayaheart@gmail.com | attempt 39 : keystroke: 55.4%, voice: 47.9%, fusion: 50.5% - denied
2026-04-19 21:31:34.155 | user=amayaheart@gmail.com | attempt 40 : keystroke: 50.6%, voice: 54.3%, fusion: 53.0% - denied
2026-04-19 21:32:19.585 | user=amayaheart@gmail.com | attempt 41 : keystroke: 71.1%, voice: 60.3%, fusion: 65.2% - accepted
2026-04-19 21:32:51.155 | user=amayaheart@gmail.com | attempt 42 : keystroke: 69.6%, voice: 55.8%, fusion: 62.0% - accepted
2026-04-19 21:33:41.749 | user=amayaheart@gmail.com | attempt 43 : keystroke: 69.0%, voice: 53.8%, fusion: 60.6% - accepted
2026-04-19 21:34:24.866 | user=amayaheart@gmail.com | attempt 44 : keystroke: 75.8%, voice: 62.7%, fusion: 68.6% - accepted
2026-04-19 21:35:09.436 | user=amayaheart@gmail.com | attempt 45 : keystroke: 61.0%, voice: 47.1%, fusion: 51.9% - denied
2026-04-19 17:18:28.140 | user=nayvejessica@gmail.com | attempt 47 : keystroke: 94.8% - accepted
2026-04-19 21:50:31.154 | user=nayvejessica@gmail.com | attempt 48 : password only (no biometric step logged) - accepted
2026-04-19 21:50:49.410 | user=nayvejessica@gmail.com | attempt 49 : password only (no biometric step logged) - accepted
2026-04-19 21:51:15.579 | user=nayvejessica@gmail.com | attempt 50 : keystroke: 97.2% - accepted
2026-04-19 21:54:05.811 | user=nayvejessica@gmail.com | attempt 51 : keystroke: 0.0% - denied
2026-04-19 21:56:46.775 | user=nayvejessica@gmail.com | attempt 52 : keystroke: 0.0%, voice: 45.8%, fusion: 29.8% - denied
2026-04-19 21:57:45.715 | user=nayvejessica@gmail.com | attempt 53 : keystroke: 0.0% - denied
2026-04-19 21:58:32.754 | user=nayvejessica@gmail.com | attempt 54 : keystroke: 0.0% - denied
2026-04-19 21:59:52.167 | user=nayvejessica@gmail.com | attempt 55 : password only (no biometric step logged) - accepted
2026-04-19 22:00:08.266 | user=nayvejessica@gmail.com | attempt 56 : keystroke: 90.4% - accepted
2026-04-19 21:51:26.897 | user=francineferrer30@gmail.com | attempt 41 : keystroke: 83.7% - accepted
2026-04-19 22:22:09.217 | user=francineferrer30@gmail.com | attempt 42 : keystroke: 0.0% - denied
2026-04-19 22:23:30.616 | user=francineferrer30@gmail.com | attempt 43 : keystroke: 0.0%, voice: 59.6% - denied
2026-04-19 22:24:46.291 | user=francineferrer30@gmail.com | attempt 44 : keystroke: 98.0% - accepted
2026-04-19 22:25:24.715 | user=francineferrer30@gmail.com | attempt 45 : password only (no biometric step logged) - accepted
2026-04-19 22:25:45.081 | user=francineferrer30@gmail.com | attempt 46 : keystroke: 0.0% - denied
2026-04-19 22:26:21.635 | user=francineferrer30@gmail.com | attempt 47 : keystroke: 97.4% - accepted
2026-04-19 22:26:55.196 | user=francineferrer30@gmail.com | attempt 48 : keystroke: 0.0% - denied
2026-04-19 22:27:19.889 | user=francineferrer30@gmail.com | attempt 49 : keystroke: 97.0% - accepted
2026-04-19 22:27:40.282 | user=francineferrer30@gmail.com | attempt 50 : keystroke: 0.0%, voice: 64.2%, fusion: 41.7% - denied
2026-04-19 22:28:44.911 | user=francineferrer30@gmail.com | attempt 51 : keystroke: 93.8% - accepted
2026-04-19 22:29:20.540 | user=francineferrer30@gmail.com | attempt 52 : keystroke: 97.7% - accepted
2026-04-19 22:29:41.996 | user=francineferrer30@gmail.com | attempt 53 : keystroke: 97.1% - accepted
2026-04-20 08:19:24.019 | user=amayaheart@gmail.com | attempt 46 : keystroke: 91.1% - accepted
2026-04-20 08:21:33.498 | user=amayaheart@gmail.com | attempt 47 : keystroke: 88.6% - accepted
2026-04-20 08:22:15.355 | user=amayaheart@gmail.com | attempt 48 : keystroke: 95.3% - accepted
2026-04-20 08:22:50.064 | user=amayaheart@gmail.com | attempt 49 : keystroke: 96.5% - accepted
2026-04-20 08:23:32.502 | user=amayaheart@gmail.com | attempt 50 : keystroke: 0.0% - denied
2026-04-20 08:24:16.544 | user=amayaheart@gmail.com | attempt 51 : keystroke: 0.0% - denied
2026-04-20 08:24:47.564 | user=amayaheart@gmail.com | attempt 52 : keystroke: 0.0% - denied
2026-04-20 08:26:42.555 | user=amayaheart@gmail.com | attempt 53 : keystroke: 0.0% - denied
2026-04-20 08:27:27.932 | user=amayaheart@gmail.com | attempt 54 : keystroke: 0.0% - denied
2026-04-20 08:27:50.232 | user=amayaheart@gmail.com | attempt 55 : keystroke: 93.3% - accepted
2026-04-20 08:29:15.064 | user=amayaheart@gmail.com | attempt 56 : keystroke: 95.3% - accepted
2026-04-20 08:33:20.635 | user=amayaheart@gmail.com | attempt 57 : keystroke: 93.8% - accepted
2026-04-20 08:43:52.574 | user=amayaheart@gmail.com | attempt 58 : keystroke: 96.3% - accepted
2026-04-20 08:45:05.052 | user=amayaheart@gmail.com | attempt 59 : keystroke: 98.2% - accepted
2026-04-20 08:46:31.185 | user=amayaheart@gmail.com | attempt 60 : keystroke: 94.4% - accepted
2026-04-20 08:49:04.942 | user=amayaheart@gmail.com | attempt 61 : keystroke: 97.7% - accepted
2026-04-20 09:15:17.142 | user=amayaheart@gmail.com | attempt 62 : keystroke: 95.6% - accepted
2026-04-20 09:16:40.698 | user=amayaheart@gmail.com | attempt 63 : keystroke: 93.2% - accepted
2026-04-20 09:17:35.972 | user=amayaheart@gmail.com | attempt 64 : keystroke: 0.0% - denied
2026-04-20 09:18:03.907 | user=amayaheart@gmail.com | attempt 65 : keystroke: 92.7% - accepted
2026-04-20 09:18:35.582 | user=amayaheart@gmail.com | attempt 66 : keystroke: 87.8% - accepted
2026-04-20 09:19:09.997 | user=amayaheart@gmail.com | attempt 67 : keystroke: 98.0% - accepted
2026-04-20 10:05:21.770 | user=amayaheart@gmail.com | attempt 68 : keystroke: 86.3% - accepted
2026-04-20 10:50:06.796 | user=amayaheart@gmail.com | attempt 69 : keystroke: 0.0% - denied
2026-04-20 10:50:33.754 | user=amayaheart@gmail.com | attempt 70 : keystroke: 0.0% - denied
2026-04-20 10:50:59.161 | user=amayaheart@gmail.com | attempt 71 : keystroke: 0.0% - denied
2026-04-20 10:51:25.434 | user=amayaheart@gmail.com | attempt 72 : keystroke: 86.6% - accepted
2026-04-19 22:30:14.965 | user=francineferrer30@gmail.com | attempt 54 : keystroke: 97.8% - accepted
2026-04-20 11:13:30.603 | user=francineferrer30@gmail.com | attempt 55 : keystroke: 94.8% - accepted
2026-04-20 11:15:02.280 | user=francineferrer30@gmail.com | attempt 56 : password: failed - denied
2026-04-20 11:15:09.488 | user=francineferrer30@gmail.com | attempt 57 : keystroke: 97.1% - accepted
2026-04-20 11:15:28.938 | user=francineferrer30@gmail.com | attempt 58 : keystroke: 91.5% - accepted
2026-04-20 11:15:55.497 | user=francineferrer30@gmail.com | attempt 59 : keystroke: 96.6% - accepted
2026-04-20 11:19:48.243 | user=francineferrer30@gmail.com | attempt 60 : keystroke: 0.0% - denied
2026-04-20 11:09:37.889 | user=amayaheart@gmail.com | attempt 73 : keystroke: 95.2% - accepted
2026-04-20 11:21:22.058 | user=amayaheart@gmail.com | attempt 74 : password: failed - denied
2026-04-20 11:21:33.136 | user=amayaheart@gmail.com | attempt 75 : password: failed - denied
2026-04-20 11:21:07.608 | user=francineferrer30@gmail.com | attempt 61 : keystroke: 0.0%, voice: 83.1%, fusion: 54.0% - denied
2026-04-20 11:22:30.462 | user=francineferrer30@gmail.com | attempt 62 : keystroke: 96.2% - accepted
2026-04-20 11:28:57.470 | user=francineferrer30@gmail.com | attempt 63 : keystroke: 0.0%, voice: 86.8%, fusion: 56.4% - denied
2026-04-20 11:30:05.695 | user=francineferrer30@gmail.com | attempt 64 : keystroke: 93.6% - accepted
2026-04-20 11:30:18.345 | user=francineferrer30@gmail.com | attempt 65 : keystroke: 0.0%, voice: 76.6%, fusion: 49.8% - denied
2026-04-20 11:34:24.006 | user=francineferrer30@gmail.com | attempt 66 : keystroke: 93.6% - accepted
2026-04-20 11:35:07.774 | user=francineferrer30@gmail.com | attempt 67 : keystroke: 89.4% - accepted
2026-04-20 11:35:31.074 | user=francineferrer30@gmail.com | attempt 68 : keystroke: 92.3% - accepted
2026-04-20 11:35:57.086 | user=francineferrer30@gmail.com | attempt 69 : keystroke: 89.0% - accepted
2026-04-20 11:36:40.464 | user=francineferrer30@gmail.com | attempt 70 : keystroke: 0.0%, voice: 73.5%, fusion: 47.8% - denied
2026-04-20 15:21:46.354 | user=amayaheart@gmail.com | attempt 76 : keystroke: 90.2% - accepted
2026-04-20 15:41:40.522 | user=amayaheart@gmail.com | attempt 77 : keystroke: 0.0% - denied
2026-04-20 15:42:07.263 | user=amayaheart@gmail.com | attempt 78 : keystroke: 0.0% - denied
2026-04-20 15:42:31.381 | user=amayaheart@gmail.com | attempt 79 : keystroke: 0.0% - denied
2026-04-20 15:42:59.322 | user=amayaheart@gmail.com | attempt 80 : keystroke: 88.4% - accepted
2026-04-20 15:43:36.852 | user=amayaheart@gmail.com | attempt 81 : keystroke: 91.2% - accepted
2026-04-20 15:44:23.058 | user=amayaheart@gmail.com | attempt 82 : keystroke: 93.0% - accepted
2026-04-21 08:55:59.744 | user=amayaheart@gmail.com | attempt 83 : password: failed - denied
2026-04-21 08:56:05.494 | user=amayaheart@gmail.com | attempt 84 : keystroke: 95.2% - accepted
2026-04-21 08:57:35.035 | user=amayaheart@gmail.com | attempt 85 : keystroke: 0.0%, voice: 49.6%, fusion: 32.2% - denied
2026-04-21 09:00:21.115 | user=amayaheart@gmail.com | attempt 86 : keystroke: 0.0% - denied
2026-04-21 09:00:44.996 | user=amayaheart@gmail.com | attempt 87 : keystroke: 0.0% - denied
2026-04-21 09:01:00.791 | user=amayaheart@gmail.com | attempt 88 : keystroke: 0.0% - denied
2026-04-21 09:01:17.995 | user=amayaheart@gmail.com | attempt 89 : keystroke: 93.2% - accepted
2026-04-21 09:07:22.287 | user=amayaheart@gmail.com | attempt 90 : keystroke: 95.0% - accepted
2026-04-21 09:09:28.105 | user=amayaheart@gmail.com | attempt 91 : keystroke: 96.4% - accepted
2026-04-21 09:10:22.214 | user=amayaheart@gmail.com | attempt 92 : keystroke: 0.0% - denied
2026-04-21 09:10:46.785 | user=amayaheart@gmail.com | attempt 93 : keystroke: 0.0% - denied
2026-04-20 11:37:27.670 | user=francineferrer30@gmail.com | attempt 71 : keystroke: 95.5% - accepted
2026-04-21 09:11:51.820 | user=amayaheart@gmail.com | attempt 94 : keystroke: 0.0% - denied
2026-04-21 09:25:08.004 | user=alday@gmail.com | attempt 1 : keystroke: 55.2%, voice: 80.0%, fusion: 78.4% - accepted
2026-04-21 09:27:19.824 | user=alday@gmail.com | attempt 2 : keystroke: 67.7%, voice: 78.0%, fusion: 77.3% - accepted
2026-04-21 09:28:35.635 | user=alday@gmail.com | attempt 3 : keystroke: 77.9% - accepted
2026-04-21 09:29:07.754 | user=alday@gmail.com | attempt 4 : keystroke: 48.9% - denied
2026-04-21 09:35:38.654 | user=acer@gmail.com | attempt 1 : keystroke: 59.7%, voice: 84.4%, fusion: 75.7% - accepted
2026-04-21 09:45:01.394 | user=joshmayo1105@gmail.com | attempt 1 : keystroke: 67.8%, voice: 74.1%, fusion: 71.2% - accepted
2026-04-21 09:18:30.549 | user=amayaheart@gmail.com | attempt 95 : keystroke: 97.5% - accepted
2026-04-21 10:36:48.878 | user=amayaheart@gmail.com | attempt 96 : keystroke: 96.6% - accepted
2026-04-21 11:23:57.247 | user=amayaheart@gmail.com | attempt 97 : keystroke: 0.0% - denied
2026-04-21 11:24:36.145 | user=amayaheart@gmail.com | attempt 98 : keystroke: 0.0%, voice: 53.8%, fusion: 35.0% - denied
2026-04-21 12:18:53.784 | user=joshmayo1105@gmail.com | attempt 2 : keystroke: 59.4%, voice: 69.4%, fusion: 65.9% - accepted
2026-04-21 11:26:24.036 | user=amayaheart@gmail.com | attempt 99 : keystroke: 97.0% - accepted
2026-04-21 12:28:50.678 | user=amayaheart@gmail.com | attempt 100 : keystroke: 0.0% - denied
2026-04-21 12:20:47.591 | user=joshmayo1105@gmail.com | attempt 3 : keystroke: 72.8% - accepted
2026-04-21 12:33:18.105 | user=joshmayo1105@gmail.com | attempt 4 : keystroke: 62.5%, voice: 79.6%, fusion: 73.6% - accepted
2026-04-21 12:29:07.741 | user=amayaheart@gmail.com | attempt 101 : keystroke: 89.0% - denied
2026-04-21 13:13:32.555 | user=amayaheart@gmail.com | attempt 102 : keystroke: 0.0% - denied
2026-04-21 13:14:17.370 | user=amayaheart@gmail.com | attempt 103 : keystroke: 92.9% - accepted
2026-04-21 13:45:50.329 | user=amayaheart@gmail.com | attempt 104 : keystroke: 0.0%, voice: 52.4%, fusion: 34.1% - denied
2026-04-21 13:47:03.688 | user=amayaheart@gmail.com | attempt 105 : keystroke: 96.9% - accepted
2026-04-21 13:47:28.044 | user=amayaheart@gmail.com | attempt 106 : keystroke: 0.0%, voice: 50.9%, fusion: 33.1% - denied
2026-04-21 13:48:24.579 | user=amayaheart@gmail.com | attempt 107 : keystroke: 96.8% - accepted
2026-04-21 13:49:51.942 | user=amayaheart@gmail.com | attempt 108 : keystroke: 0.0%, voice: 61.8%, fusion: 40.2% - denied
2026-04-21 13:51:09.340 | user=amayaheart@gmail.com | attempt 109 : keystroke: 92.2% - accepted
2026-04-21 13:51:58.225 | user=amayaheart@gmail.com | attempt 110 : password only (no biometric step logged) - accepted
2026-04-21 13:52:01.205 | user=amayaheart@gmail.com | attempt 111 : password only (no biometric step logged) - accepted
2026-04-19 22:16:02.440 | user=nayvejessica@gmail.com | attempt 57 : keystroke: 0.0% - denied
2026-04-21 09:16:18.200 | user=francineferrer30@gmail.com | attempt 72 : keystroke: 96.6% - accepted
2026-04-21 09:28:25.044 | user=aquaflask@gmail.com | attempt 1 : keystroke: 62.3%, voice: 65.4% - denied
2026-04-21 09:29:58.561 | user=alday@gmail.com | attempt 5 : keystroke: 84.8% - accepted
2026-04-21 09:38:38.039 | user=acer@gmail.com | attempt 2 : keystroke: 47.8% - denied
2026-04-21 14:47:04.087 | user=amayaheart@gmail.com | attempt 112 : keystroke: 95.2% - accepted
